Build started 2015-02-16 10:58:20.
     1>Project "C:\Users\ciosebar\Documents\Visual Studio 2013\diagrams\diagrams\diagrams.vcxproj" on node 2 (Build target(s)).
     1>ClCompile:
         C:\Program Files (x86)\Microsoft Visual Studio 12.0\VC\bin\CL.exe /c /ZI /nologo /W3 /WX- /sdl /Od /Oy- /D WIN32 /D _DEBUG /D _CONSOLE /D _LIB /D _UNICODE /D UNICODE /Gm /EHsc /RTC1 /MDd /GS /fp:precise /Zc:wchar_t /Zc:forScope /Yu"stdafx.h" /Fp"Debug\diagrams.pch" /Fo"Debug\\" /Fd"Debug\vc120.pdb" /Gd /TP /analyze- /errorReport:prompt Class.cpp
         Class.cpp
     1>c:\users\ciosebar\documents\visual studio 2013\diagrams\diagrams\class.cpp(51): warning C4129: '*' : unrecognized character escape sequence
     1>c:\users\ciosebar\documents\visual studio 2013\diagrams\diagrams\class.cpp(57): warning C4129: 'w' : unrecognized character escape sequence
     1>c:\users\ciosebar\documents\visual studio 2013\diagrams\diagrams\class.cpp(115): warning C4018: '<' : signed/unsigned mismatch
     1>c:\users\ciosebar\documents\visual studio 2013\diagrams\diagrams\class.cpp(144): warning C4018: '<' : signed/unsigned mismatch
     1>c:\users\ciosebar\documents\visual studio 2013\diagrams\diagrams\class.cpp(214): warning C4018: '<' : signed/unsigned mismatch
     1>c:\users\ciosebar\documents\visual studio 2013\diagrams\diagrams\class.cpp(259): warning C4018: '<' : signed/unsigned mismatch
     1>c:\users\ciosebar\documents\visual studio 2013\diagrams\diagrams\class.cpp(274): warning C4018: '<' : signed/unsigned mismatch
     1>c:\users\ciosebar\documents\visual studio 2013\diagrams\diagrams\class.cpp(292): warning C4018: '<' : signed/unsigned mismatch
     1>c:\users\ciosebar\documents\visual studio 2013\diagrams\diagrams\class.cpp(294): warning C4018: '<' : signed/unsigned mismatch
     1>c:\users\ciosebar\documents\visual studio 2013\diagrams\diagrams\class.cpp(337): warning C4018: '<' : signed/unsigned mismatch
     1>c:\users\ciosebar\documents\visual studio 2013\diagrams\diagrams\class.cpp(340): warning C4018: '<' : signed/unsigned mismatch
     1>c:\users\ciosebar\documents\visual studio 2013\diagrams\diagrams\class.cpp(344): warning C4018: '<' : signed/unsigned mismatch
     1>c:\users\ciosebar\documents\visual studio 2013\diagrams\diagrams\class.cpp(389): warning C4018: '<' : signed/unsigned mismatch
       Link:
         C:\Program Files (x86)\Microsoft Visual Studio 12.0\VC\bin\link.exe /ERRORREPORT:PROMPT /OUT:"C:\Users\ciosebar\Documents\Visual Studio 2013\diagrams\Debug\diagrams.exe" /INCREMENTAL /NOLOGO kernel32.lib user32.lib gdi32.lib winspool.lib comdlg32.lib advapi32.lib shell32.lib ole32.lib oleaut32.lib uuid.lib odbc32.lib odbccp32.lib /MANIFEST /MANIFESTUAC:"level='asInvoker' uiAccess='false'" /manifest:embed /DEBUG /PDB:"C:\Users\ciosebar\Documents\Visual Studio 2013\diagrams\Debug\diagrams.pdb" /SUBSYSTEM:CONSOLE /TLBID:1 /DYNAMICBASE /NXCOMPAT /IMPLIB:"C:\Users\ciosebar\Documents\Visual Studio 2013\diagrams\Debug\diagrams.lib" /MACHINE:X86 Debug\Class.obj
         Debug\ClassManager.obj
         Debug\diagrams.obj
         Debug\FilesFinder.obj
         Debug\stdafx.obj
         diagrams.vcxproj -> C:\Users\ciosebar\Documents\Visual Studio 2013\diagrams\Debug\diagrams.exe
     1>Done Building Project "C:\Users\ciosebar\Documents\Visual Studio 2013\diagrams\diagrams\diagrams.vcxproj" (Build target(s)).

Build succeeded.

Time Elapsed 00:00:06.99
